===== flutter create (سقالة أندرويد بمعرّف مستقلّ) =====
Recreating project keygen...
  keygen/lib/main.dart (created)
  keygen/mdk_keygen.iml (created)
  keygen/pubspec.yaml (created)
  keygen/android/gradle/wrapper/gradle-wrapper.properties (created)
  keygen/android/gradle.properties (created)
  keygen/android/settings.gradle.kts (created)
  keygen/android/app/src/main/AndroidManifest.xml (created)
  keygen/android/app/src/main/res/mipmap-xhdpi/ic_launcher.png (created)
  keygen/android/app/src/main/res/mipmap-mdpi/ic_launcher.png (created)
  keygen/android/app/src/main/res/drawable/launch_background.xml (created)
  keygen/android/app/src/main/res/values-night/styles.xml (created)
  keygen/android/app/src/main/res/mipmap-hdpi/ic_launcher.png (created)
  keygen/android/app/src/main/res/mipmap-xxhdpi/ic_launcher.png (created)
  keygen/android/app/src/main/res/values/styles.xml (created)
  keygen/android/app/src/main/res/mipmap-xxxhdpi/ic_launcher.png (created)
  keygen/android/app/src/main/res/drawable-v21/launch_background.xml (created)
  keygen/android/app/src/profile/AndroidManifest.xml (created)
  keygen/android/app/src/debug/AndroidManifest.xml (created)
  keygen/android/.gitignore (created)
  keygen/analysis_options.yaml (created)
  keygen/android/build.gradle.kts (created)
  keygen/android/mdk_keygen_android.iml (created)
  keygen/android/app/src/main/kotlin/com/mudhakkarati/mdk_keygen/MainActivity.kt (created)
  keygen/android/app/build.gradle.kts (created)
  keygen/.idea/runConfigurations/main_dart.xml (created)
  keygen/.idea/workspace.xml (created)
  keygen/.idea/libraries/KotlinJavaRuntime.xml (created)
  keygen/.idea/libraries/Dart_SDK.xml (created)
  keygen/.idea/modules.xml (created)
  keygen/test/widget_test.dart (created)
Resolving dependencies in `keygen`...
Downloading packages...
Got dependencies in `keygen`.
Wrote 33 files.

All done!
You can find general documentation for Flutter at: https://docs.flutter.dev/
Detailed API documentation is available at: https://api.flutter.dev/
If you prefer video documentation, consider: https://www.youtube.com/c/flutterdev

In order to run your application, type:

  $ cd keygen
  $ flutter run

Your application code is in keygen/lib/main.dart.

===== نسخ المصادر الخاصّة فوق السقالة =====
===== flutter pub get =====
Resolving dependencies...
Downloading packages...
+ args 2.7.0
+ code_assets 1.2.1
+ crypto 3.0.7
+ cryptography 2.9.0
+ ffi 2.2.0
+ flutter_secure_storage 9.2.4 (10.3.1 available)
+ flutter_secure_storage_linux 1.2.3 (3.0.1 available)
+ flutter_secure_storage_macos 3.1.3 (4.0.0 available)
+ flutter_secure_storage_platform_interface 1.1.2 (2.0.1 available)
+ flutter_secure_storage_web 1.2.1 (2.1.1 available)
+ flutter_secure_storage_windows 3.1.2 (4.2.2 available)
+ flutter_web_plugins 0.0.0 from sdk flutter
+ hooks 2.0.2
+ jni 1.0.0
+ jni_flutter 1.0.1
+ js 0.6.7 (0.7.2 available)
+ logging 1.3.0
  matcher 0.12.19 (0.12.20 available)
  meta 1.18.0 (1.18.3 available)
+ objective_c 9.4.1
+ package_config 2.2.0 (3.0.0 available)
+ path_provider 2.1.6
+ path_provider_android 2.3.1
+ path_provider_foundation 2.6.0
+ path_provider_linux 2.2.2
+ path_provider_platform_interface 2.1.3
+ path_provider_windows 2.3.0
+ platform 3.1.6
+ plugin_platform_interface 2.1.8
+ pub_semver 2.2.0
+ record_use 0.6.0
  test_api 0.7.11 (0.7.13 available)
+ typed_data 1.4.0
  vector_math 2.2.0 (2.4.0 available)
+ win32 5.15.0 (6.3.0 available)
+ xdg_directories 1.1.0
+ yaml 3.1.3
These packages are no longer being depended on:
- cupertino_icons 1.0.9
- flutter_lints 6.0.0
- lints 6.1.0
Changed 36 dependencies!
13 packages have newer versions incompatible with dependency constraints.
Try `flutter pub outdated` for more information.
===== flutter build apk (split per abi — ملفات أصغر) =====
Resolving dependencies...
Downloading packages...
  flutter_secure_storage 9.2.4 (10.3.1 available)
  flutter_secure_storage_linux 1.2.3 (3.0.1 available)
  flutter_secure_storage_macos 3.1.3 (4.0.0 available)
  flutter_secure_storage_platform_interface 1.1.2 (2.0.1 available)
  flutter_secure_storage_web 1.2.1 (2.1.1 available)
  flutter_secure_storage_windows 3.1.2 (4.2.2 available)
  js 0.6.7 (0.7.2 available)
  matcher 0.12.19 (0.12.20 available)
  meta 1.18.0 (1.18.3 available)
  package_config 2.2.0 (3.0.0 available)
  test_api 0.7.11 (0.7.13 available)
  vector_math 2.2.0 (2.4.0 available)
  win32 5.15.0 (6.3.0 available)
Got dependencies!
13 packages have newer versions incompatible with dependency constraints.
Try `flutter pub outdated` for more information.
Running Gradle task 'assembleRelease'...                        
Checking the license for package CMake 3.22.1 in /usr/local/lib/android/sdk/licenses
License for package CMake 3.22.1 accepted.
Preparing "Install CMake 3.22.1 v.3.22.1".
"Install CMake 3.22.1 v.3.22.1" ready.
Installing CMake 3.22.1 in /usr/local/lib/android/sdk/cmake/3.22.1
"Install CMake 3.22.1 v.3.22.1" complete.
"Install CMake 3.22.1 v.3.22.1" finished.
Font asset "MaterialIcons-Regular.otf" was tree-shaken, reducing it from 1645184 to 2276 bytes (99.9% reduction). Tree-shaking can be disabled by providing the --no-tree-shake-icons flag when building your app.
Caught exception: Already watching path: /home/runner/work/alaoufi_notes/alaoufi_notes/keygen/android
Running Gradle task 'assembleRelease'...                          205.3s
✓ Built build/app/outputs/flutter-apk/app-armeabi-v7a-release.apk (14.7MB)
✓ Built build/app/outputs/flutter-apk/app-arm64-v8a-release.apk (17.4MB)
✓ Built build/app/outputs/flutter-apk/app-x86_64-release.apk (18.7MB)
===== size =====
total 49M
-rw-r--r-- 1 runner runner 17M Jun 27 22:59 app-arm64-v8a-release.apk
-rw-r--r-- 1 runner runner  40 Jun 27 22:59 app-arm64-v8a-release.apk.sha1
-rw-r--r-- 1 runner runner 14M Jun 27 22:59 app-armeabi-v7a-release.apk
-rw-r--r-- 1 runner runner  40 Jun 27 22:59 app-armeabi-v7a-release.apk.sha1
-rw-r--r-- 1 runner runner 18M Jun 27 22:59 app-x86_64-release.apk
-rw-r--r-- 1 runner runner  40 Jun 27 22:59 app-x86_64-release.apk.sha1
